[35m[1mScanning dependencies of target _kindr_msgs_generate_messages_check_deps_VectorAtPosition[0m
[  0%] Built target _kindr_msgs_generate_messages_check_deps_VectorAtPosition
[35m[1mScanning dependencies of target std_msgs_generate_messages_cpp[0m
[  0%] Built target std_msgs_generate_messages_cpp
[35m[1mScanning dependencies of target geometry_msgs_generate_messages_cpp[0m
[  0%] Built target geometry_msgs_generate_messages_cpp
[35m[1mScanning dependencies of target geometry_msgs_generate_messages_nodejs[0m
[  0%] Built target geometry_msgs_generate_messages_nodejs
[35m[1mScanning dependencies of target std_msgs_generate_messages_nodejs[0m
[  0%] Built target std_msgs_generate_messages_nodejs
[35m[1mScanning dependencies of target geometry_msgs_generate_messages_eus[0m
[  0%] Built target geometry_msgs_generate_messages_eus
[35m[1mScanning dependencies of target std_msgs_generate_messages_eus[0m
[  0%] Built target std_msgs_generate_messages_eus
[35m[1mScanning dependencies of target std_msgs_generate_messages_py[0m
[  0%] Built target std_msgs_generate_messages_py
[35m[1mScanning dependencies of target geometry_msgs_generate_messages_py[0m
[  0%] Built target geometry_msgs_generate_messages_py
[35m[1mScanning dependencies of target geometry_msgs_generate_messages_lisp[0m
[  0%] Built target geometry_msgs_generate_messages_lisp
[35m[1mScanning dependencies of target std_msgs_generate_messages_lisp[0m
[  0%] Built target std_msgs_generate_messages_lisp
[35m[1mScanning dependencies of target kindr_msgs_generate_messages_cpp[0m
[ 14%] [34m[1mGenerating C++ code from kindr_msgs/VectorAtPosition.msg[0m
[ 14%] Built target kindr_msgs_generate_messages_cpp
[35m[1mScanning dependencies of target kindr_msgs_generate_messages_nodejs[0m
[ 28%] [34m[1mGenerating Javascript code from kindr_msgs/VectorAtPosition.msg[0m
[ 28%] Built target kindr_msgs_generate_messages_nodejs
[35m[1mScanning dependencies of target kindr_msgs_generate_messages_eus[0m
[ 42%] [34m[1mGenerating EusLisp code from kindr_msgs/VectorAtPosition.msg[0m
[ 57%] [34m[1mGenerating EusLisp manifest code for kindr_msgs[0m
[35m[1mScanning dependencies of target kindr_msgs_generate_messages_py[0m
[ 57%] Built target kindr_msgs_generate_messages_eus
[ 71%] [34m[1mGenerating Python from MSG kindr_msgs/VectorAtPosition[0m
[35m[1mScanning dependencies of target kindr_msgs_generate_messages_lisp[0m
[ 85%] [34m[1mGenerating Lisp code from kindr_msgs/VectorAtPosition.msg[0m
[ 85%] Built target kindr_msgs_generate_messages_lisp
[100%] [34m[1mGenerating Python msg __init__.py for kindr_msgs[0m
[100%] Built target kindr_msgs_generate_messages_py
[35m[1mScanning dependencies of target kindr_msgs_generate_messages[0m
[100%] Built target kindr_msgs_generate_messages
