[35m[1mScanning dependencies of target elevation_mapping_library[0m
[  5%] [32mBuilding CXX object CMakeFiles/elevation_mapping_library.dir/src/ElevationMapping.cpp.o[0m
[ 11%] [32mBuilding CXX object CMakeFiles/elevation_mapping_library.dir/src/ElevationMap.cpp.o[0m
[ 17%] [32mBuilding CXX object CMakeFiles/elevation_mapping_library.dir/src/input_sources/Input.cpp.o[0m
In file included from [01m[K/home/lorenzo/Documents/epfl/mt_ma4/xplore/git/rover_catkin_ws/src/rover/elevation_map/elevation_mapping/elevation_mapping/src/input_sources/Input.cpp:9:0[m[K:
[01m[K/home/lorenzo/Documents/epfl/mt_ma4/xplore/git/rover_catkin_ws/src/rover/elevation_map/elevation_mapping/elevation_mapping/include/elevation_mapping/input_sources/Input.hpp:[m[K In constructor ‘[01m[Kelevation_mapping::Input::Input(ros::NodeHandle&)[m[K’:
[01m[K/home/lorenzo/Documents/epfl/mt_ma4/xplore/git/rover_catkin_ws/src/rover/elevation_map/elevation_mapping/elevation_mapping/include/elevation_mapping/input_sources/Input.hpp:71:20:[m[K [01;35m[Kwarning: [m[K‘[01m[Kelevation_mapping::Input::nodeHandle_[m[K’ will be initialized after [[01;35m[K-Wreorder[m[K]
   ros::NodeHandle& [01;35m[KnodeHandle_[m[K;
                    [01;35m[K^~~~~~~~~~~[m[K
[01m[K/home/lorenzo/Documents/epfl/mt_ma4/xplore/git/rover_catkin_ws/src/rover/elevation_map/elevation_mapping/elevation_mapping/include/elevation_mapping/input_sources/Input.hpp:65:12:[m[K [01;35m[Kwarning: [m[K  ‘[01m[Kuint32_t elevation_mapping::Input::queueSize_[m[K’ [[01;35m[K-Wreorder[m[K]
   uint32_t [01;35m[KqueueSize_[m[K;
            [01;35m[K^~~~~~~~~~[m[K
[01m[K/home/lorenzo/Documents/epfl/mt_ma4/xplore/git/rover_catkin_ws/src/rover/elevation_map/elevation_mapping/elevation_mapping/src/input_sources/Input.cpp:13:1:[m[K [01;35m[Kwarning: [m[K  when initialized here [[01;35m[K-Wreorder[m[K]
 [01;35m[KInput[m[K::Input(ros::NodeHandle& nh) : nodeHandle_(nh), queueSize_(0), publishOnUpdate_(true) {}
 [01;35m[K^~~~~[m[K
[ 23%] [32mBuilding CXX object CMakeFiles/elevation_mapping_library.dir/src/input_sources/InputSourceManager.cpp.o[0m
[ 29%] [32mBuilding CXX object CMakeFiles/elevation_mapping_library.dir/src/postprocessing/PostprocessorPool.cpp.o[0m
[ 35%] [32mBuilding CXX object CMakeFiles/elevation_mapping_library.dir/src/postprocessing/PostprocessingPipelineFunctor.cpp.o[0m
[ 41%] [32mBuilding CXX object CMakeFiles/elevation_mapping_library.dir/src/RobotMotionMapUpdater.cpp.o[0m
[ 47%] [32mBuilding CXX object CMakeFiles/elevation_mapping_library.dir/src/sensor_processors/SensorProcessorBase.cpp.o[0m
[ 52%] [32mBuilding CXX object CMakeFiles/elevation_mapping_library.dir/src/sensor_processors/StructuredLightSensorProcessor.cpp.o[0m
[ 58%] [32mBuilding CXX object CMakeFiles/elevation_mapping_library.dir/src/sensor_processors/StereoSensorProcessor.cpp.o[0m
[ 64%] [32mBuilding CXX object CMakeFiles/elevation_mapping_library.dir/src/sensor_processors/LaserSensorProcessor.cpp.o[0m
[ 70%] [32mBuilding CXX object CMakeFiles/elevation_mapping_library.dir/src/sensor_processors/PerfectSensorProcessor.cpp.o[0m
[ 76%] [32m[1mLinking CXX shared library /home/lorenzo/Documents/epfl/mt_ma4/xplore/git/rover_catkin_ws/devel/.private/elevation_mapping/lib/libelevation_mapping_library.so[0m
[ 76%] Built target elevation_mapping_library
[35m[1mScanning dependencies of target elevation_mapping[0m
[35m[1mScanning dependencies of target elevation_mapping_Etienne[0m
[ 82%] [32mBuilding CXX object CMakeFiles/elevation_mapping_Etienne.dir/src/converterPWC.cpp.o[0m
[ 88%] [32mBuilding CXX object CMakeFiles/elevation_mapping.dir/src/elevation_mapping_node.cpp.o[0m
[ 94%] [32m[1mLinking CXX executable /home/lorenzo/Documents/epfl/mt_ma4/xplore/git/rover_catkin_ws/devel/.private/elevation_mapping/lib/elevation_mapping/elevation_mapping_Etienne[0m
[ 94%] Built target elevation_mapping_Etienne
[100%] [32m[1mLinking CXX executable /home/lorenzo/Documents/epfl/mt_ma4/xplore/git/rover_catkin_ws/devel/.private/elevation_mapping/lib/elevation_mapping/elevation_mapping[0m
[100%] Built target elevation_mapping
