Symlinking /home/lorenzo/Documents/epfl/mt_ma4/xplore/git/rover_catkin_ws/devel/lib/publishers/talker
Symlinking /home/lorenzo/Documents/epfl/mt_ma4/xplore/git/rover_catkin_ws/devel/lib/publishers/map_differentiator
Symlinking /home/lorenzo/Documents/epfl/mt_ma4/xplore/git/rover_catkin_ws/devel/lib/pkgconfig/publishers.pc
Symlinking /home/lorenzo/Documents/epfl/mt_ma4/xplore/git/rover_catkin_ws/devel/lib/python2.7/dist-packages/publishers/__init__.py
Symlinking /home/lorenzo/Documents/epfl/mt_ma4/xplore/git/rover_catkin_ws/devel/lib/python2.7/dist-packages/publishers/srv/_AddTwoInts.py
Symlinking /home/lorenzo/Documents/epfl/mt_ma4/xplore/git/rover_catkin_ws/devel/lib/python2.7/dist-packages/publishers/srv/__init__.py
Symlinking /home/lorenzo/Documents/epfl/mt_ma4/xplore/git/rover_catkin_ws/devel/lib/python2.7/dist-packages/publishers/msg/_Num.py
Symlinking /home/lorenzo/Documents/epfl/mt_ma4/xplore/git/rover_catkin_ws/devel/lib/python2.7/dist-packages/publishers/msg/__init__.py
Symlinking /home/lorenzo/Documents/epfl/mt_ma4/xplore/git/rover_catkin_ws/devel/include/publishers/AddTwoIntsResponse.h
Symlinking /home/lorenzo/Documents/epfl/mt_ma4/xplore/git/rover_catkin_ws/devel/include/publishers/AddTwoInts.h
Symlinking /home/lorenzo/Documents/epfl/mt_ma4/xplore/git/rover_catkin_ws/devel/include/publishers/AddTwoIntsRequest.h
Symlinking /home/lorenzo/Documents/epfl/mt_ma4/xplore/git/rover_catkin_ws/devel/include/publishers/Num.h
Symlinking /home/lorenzo/Documents/epfl/mt_ma4/xplore/git/rover_catkin_ws/devel/share/publishers/cmake/publishers-msg-paths.cmake
Symlinking /home/lorenzo/Documents/epfl/mt_ma4/xplore/git/rover_catkin_ws/devel/share/publishers/cmake/publishers-msg-extras.cmake
Symlinking /home/lorenzo/Documents/epfl/mt_ma4/xplore/git/rover_catkin_ws/devel/share/publishers/cmake/publishersConfig.cmake
Symlinking /home/lorenzo/Documents/epfl/mt_ma4/xplore/git/rover_catkin_ws/devel/share/publishers/cmake/publishersConfig-version.cmake
Symlinking /home/lorenzo/Documents/epfl/mt_ma4/xplore/git/rover_catkin_ws/devel/share/common-lisp/ros/publishers/srv/_package_AddTwoInts.lisp
Symlinking /home/lorenzo/Documents/epfl/mt_ma4/xplore/git/rover_catkin_ws/devel/share/common-lisp/ros/publishers/srv/AddTwoInts.lisp
Symlinking /home/lorenzo/Documents/epfl/mt_ma4/xplore/git/rover_catkin_ws/devel/share/common-lisp/ros/publishers/srv/publishers-srv.asd
Symlinking /home/lorenzo/Documents/epfl/mt_ma4/xplore/git/rover_catkin_ws/devel/share/common-lisp/ros/publishers/srv/_package.lisp
Symlinking /home/lorenzo/Documents/epfl/mt_ma4/xplore/git/rover_catkin_ws/devel/share/common-lisp/ros/publishers/msg/publishers-msg.asd
Symlinking /home/lorenzo/Documents/epfl/mt_ma4/xplore/git/rover_catkin_ws/devel/share/common-lisp/ros/publishers/msg/Num.lisp
Symlinking /home/lorenzo/Documents/epfl/mt_ma4/xplore/git/rover_catkin_ws/devel/share/common-lisp/ros/publishers/msg/_package_Num.lisp
Symlinking /home/lorenzo/Documents/epfl/mt_ma4/xplore/git/rover_catkin_ws/devel/share/common-lisp/ros/publishers/msg/_package.lisp
Symlinking /home/lorenzo/Documents/epfl/mt_ma4/xplore/git/rover_catkin_ws/devel/share/gennodejs/ros/publishers/_index.js
Symlinking /home/lorenzo/Documents/epfl/mt_ma4/xplore/git/rover_catkin_ws/devel/share/gennodejs/ros/publishers/srv/AddTwoInts.js
Symlinking /home/lorenzo/Documents/epfl/mt_ma4/xplore/git/rover_catkin_ws/devel/share/gennodejs/ros/publishers/srv/_index.js
Symlinking /home/lorenzo/Documents/epfl/mt_ma4/xplore/git/rover_catkin_ws/devel/share/gennodejs/ros/publishers/msg/_index.js
Symlinking /home/lorenzo/Documents/epfl/mt_ma4/xplore/git/rover_catkin_ws/devel/share/gennodejs/ros/publishers/msg/Num.js
Symlinking /home/lorenzo/Documents/epfl/mt_ma4/xplore/git/rover_catkin_ws/devel/share/roseus/ros/publishers/manifest.l
Symlinking /home/lorenzo/Documents/epfl/mt_ma4/xplore/git/rover_catkin_ws/devel/share/roseus/ros/publishers/srv/AddTwoInts.l
Symlinking /home/lorenzo/Documents/epfl/mt_ma4/xplore/git/rover_catkin_ws/devel/share/roseus/ros/publishers/msg/Num.l
