[35m[1mScanning dependencies of target _publishers_generate_messages_check_deps_AddTwoInts[0m
[  0%] Built target _publishers_generate_messages_check_deps_AddTwoInts
[35m[1mScanning dependencies of target std_msgs_generate_messages_cpp[0m
[  0%] Built target std_msgs_generate_messages_cpp
[35m[1mScanning dependencies of target _publishers_generate_messages_check_deps_Num[0m
[  0%] Built target _publishers_generate_messages_check_deps_Num
[35m[1mScanning dependencies of target std_msgs_generate_messages_nodejs[0m
[  0%] Built target std_msgs_generate_messages_nodejs
[35m[1mScanning dependencies of target std_msgs_generate_messages_py[0m
[  0%] Built target std_msgs_generate_messages_py
[35m[1mScanning dependencies of target std_msgs_generate_messages_eus[0m
[  0%] Built target std_msgs_generate_messages_eus
[35m[1mScanning dependencies of target std_msgs_generate_messages_lisp[0m
[  0%] Built target std_msgs_generate_messages_lisp
[35m[1mScanning dependencies of target publishers_generate_messages_cpp[0m
[  5%] [34m[1mGenerating C++ code from publishers/Num.msg[0m
[ 11%] [34m[1mGenerating C++ code from publishers/AddTwoInts.srv[0m
[ 11%] Built target publishers_generate_messages_cpp
[35m[1mScanning dependencies of target publishers_generate_messages_nodejs[0m
[ 17%] [34m[1mGenerating Javascript code from publishers/Num.msg[0m
[ 23%] [34m[1mGenerating Javascript code from publishers/AddTwoInts.srv[0m
[ 23%] Built target publishers_generate_messages_nodejs
[35m[1mScanning dependencies of target publishers_generate_messages_py[0m
[ 29%] [34m[1mGenerating Python from MSG publishers/Num[0m
[ 35%] [34m[1mGenerating Python code from SRV publishers/AddTwoInts[0m
[ 41%] [34m[1mGenerating Python msg __init__.py for publishers[0m
[ 47%] [34m[1mGenerating Python srv __init__.py for publishers[0m
[ 47%] Built target publishers_generate_messages_py
[35m[1mScanning dependencies of target publishers_generate_messages_eus[0m
[ 52%] [34m[1mGenerating EusLisp code from publishers/Num.msg[0m
[ 58%] [34m[1mGenerating EusLisp code from publishers/AddTwoInts.srv[0m
[ 64%] [34m[1mGenerating EusLisp manifest code for publishers[0m
[ 64%] Built target publishers_generate_messages_eus
[35m[1mScanning dependencies of target publishers_generate_messages_lisp[0m
[ 70%] [34m[1mGenerating Lisp code from publishers/Num.msg[0m
[ 76%] [34m[1mGenerating Lisp code from publishers/AddTwoInts.srv[0m
[ 76%] Built target publishers_generate_messages_lisp
[35m[1mScanning dependencies of target talker[0m
[ 82%] [32mBuilding CXX object CMakeFiles/talker.dir/src/talker.cpp.o[0m
[ 88%] [32m[1mLinking CXX executable /home/lorenzo/Documents/epfl/mt_ma4/xplore/git/rover_catkin_ws/devel/.private/publishers/lib/publishers/talker[0m
[ 88%] Built target talker
[35m[1mScanning dependencies of target map_differentiator[0m
[ 94%] [32mBuilding CXX object CMakeFiles/map_differentiator.dir/src/map_differentiator.cpp.o[0m
[100%] [32m[1mLinking CXX executable /home/lorenzo/Documents/epfl/mt_ma4/xplore/git/rover_catkin_ws/devel/.private/publishers/lib/publishers/map_differentiator[0m
[100%] Built target map_differentiator
[35m[1mScanning dependencies of target publishers_generate_messages[0m
[100%] Built target publishers_generate_messages
